2026-01-23 07:34:58,310 - INFO - =========KNeighborsClassifier===========
2026-01-23 07:34:58,326 - INFO - KNN Test Accuracy : 0.7735982966643009
2026-01-23 07:34:58,326 - INFO - =========GaussianNB===========
2026-01-23 07:34:58,326 - INFO - Naive Bayes Test Accuracy : 0.7877927608232789
2026-01-23 07:34:58,326 - INFO - =========LogisticRegression===========
2026-01-23 07:35:01,686 - INFO - Best Parameters for Logistic Regression: {'C': 100, 'penalty': 'l2', 'solver': 'saga'}
2026-01-23 07:35:01,686 - INFO - Best CV ROC-AUC Score: 0.8057760967356563
2026-01-23 07:35:01,686 - INFO - LogisticRegression Test Accuracy : 0.8076650106458482
2026-01-23 07:35:01,686 - INFO - LogisticRegression ROC-AUC : 0.8393749935304895
2026-01-23 07:35:01,686 - INFO - =========DecisionTreeClassifier===========
2026-01-23 07:35:01,702 - INFO - DecisionTreeClassifier Test Accuracy : 0.7324343506032647
2026-01-23 07:35:01,702 - INFO - =========RandomForestClassifier===========
2026-01-23 07:35:01,734 - INFO - RandomForestClassifier Test Accuracy : 0.758694109297374
2026-01-23 07:35:01,734 - INFO - =========AdabostClassifier===========
2026-01-23 07:35:01,758 - INFO - AdaBoostClassifier Test Accuracy : 0.7551454932576295
2026-01-23 07:35:01,758 - INFO - =========GradientBoostingClassifier===========
2026-01-23 07:35:01,767 - INFO - GradientBoostingClassifier Test Accuracy : 0.7643718949609652
2026-01-23 07:35:01,767 - INFO - =========XGBClassifier===========
2026-01-23 07:35:01,900 - INFO - XGBClassifier Test Accuracy : 0.7828246983676366
2026-01-23 07:35:01,902 - INFO - =========SVM===========
2026-01-23 07:35:02,494 - INFO - SVM Test Accuracy : 0.7991483321504613
2026-01-23 07:35:16,422 - INFO - KNN ROC-AUC Score: 0.7812244454335608
2026-01-23 07:35:16,422 - INFO - Naive Bayes ROC-AUC Score: 0.7812244454335608
2026-01-23 07:35:16,422 - INFO - Logistic Regression ROC-AUC Score: 0.8393749935304895
2026-01-23 07:35:16,422 - INFO - Decision Tree ROC-AUC Score: 0.6692307493245832
2026-01-23 07:35:16,422 - INFO - Random Forest ROC-AUC Score: 0.7629726624364694
2026-01-23 07:35:16,422 - INFO - AdaBoost ROC-AUC Score: 0.8015839949486062
2026-01-23 07:35:16,422 - INFO - Gradient Boosting ROC-AUC Score: 0.82868477439523
2026-01-23 07:35:16,422 - INFO - XGBoost ROC-AUC Score: 0.8206923411347004
2026-01-23 07:35:16,422 - INFO - SVM ROC-AUC Score: 0.6729727141925533
2026-01-23 07:35:16,422 - INFO - ===================================
2026-01-23 07:35:16,422 - INFO - BEST MODEL: Logistic Regression
2026-01-23 07:35:16,422 - INFO - BEST ROC-AUC: 0.8393749935304895
2026-01-23 07:35:16,422 - INFO - ===================================
2026-01-23 07:35:16,424 - INFO - Logistic Regression saved successfully as Churn_Prediction_Best_Model.pkl
