2026-01-23 07:34:56,457 - DEBUG - Label Encoding started
2026-01-23 07:34:56,457 - INFO - Before X_train shape: (5634, 1)
2026-01-23 07:34:56,457 - INFO - Encoding columns: ['telecom_partner']
2026-01-23 07:34:56,459 - DEBUG - After Label Encoding
2026-01-23 07:34:56,459 - INFO - After X_train (first 5 rows):
      telecom_partner
2142                0
1623                0
6074                0
1362                3
6754                3
2026-01-23 07:34:56,459 - DEBUG - One-Hot Encoding started
2026-01-23 07:34:56,459 - INFO - Before X_train shape: (5634, 1)
2026-01-23 07:34:56,459 - INFO - Encoding columns: ['telecom_partner']
2026-01-23 07:34:56,463 - DEBUG - One-Hot Encoding complete
2026-01-23 07:34:56,463 - INFO - After X_train shape: (5634, 3)
2026-01-23 07:34:56,463 - DEBUG - Frequency Encoding started
2026-01-23 07:34:56,463 - INFO - Before X_train shape: (5634, 1)
2026-01-23 07:34:56,463 - INFO - Encoding columns: ['telecom_partner']
2026-01-23 07:34:56,465 - DEBUG - Frequency Encoding complete
2026-01-23 07:34:56,465 - INFO - After X_train (first 5 rows):
      telecom_partner
2142             1391
1623             1391
6074             1391
1362             1448
6754             1448
2026-01-23 07:34:56,465 - DEBUG - Binary Encoding started
2026-01-23 07:34:56,465 - INFO - Before X_train shape: (5634, 1)
2026-01-23 07:34:56,465 - INFO - Columns to be Binary Encoded: ['telecom_partner']
2026-01-23 07:34:56,471 - DEBUG - Binary Encoding complete
2026-01-23 07:34:56,471 - INFO - After X_train shape:       telecom_partner_0  telecom_partner_1  telecom_partner_2
2142                  0                  0                  1
1623                  0                  0                  1
6074                  0                  0                  1
1362                  0                  1                  0
6754                  0                  1                  0
2026-01-23 07:34:56,471 - INFO - Ordinal Encoding started
2026-01-23 07:34:56,471 - INFO - Ordinal Encoding complete. Shape: (5634, 1)
2026-01-23 07:34:56,471 - DEBUG - Label Encoding started
2026-01-23 07:34:56,471 - INFO - Before X_train shape: (5634, 1)
2026-01-23 07:34:56,471 - INFO - Encoding columns: ['gender']
2026-01-23 07:34:56,477 - DEBUG - After Label Encoding
2026-01-23 07:34:56,477 - INFO - After X_train (first 5 rows):
      gender
2142       0
1623       0
6074       1
1362       1
6754       1
2026-01-23 07:34:56,477 - DEBUG - One-Hot Encoding started
2026-01-23 07:34:56,477 - INFO - Before X_train shape: (5634, 1)
2026-01-23 07:34:56,477 - INFO - Encoding columns: ['gender']
2026-01-23 07:34:56,480 - DEBUG - One-Hot Encoding complete
2026-01-23 07:34:56,480 - INFO - After X_train shape: (5634, 1)
2026-01-23 07:34:56,480 - DEBUG - Frequency Encoding started
2026-01-23 07:34:56,480 - INFO - Before X_train shape: (5634, 1)
2026-01-23 07:34:56,480 - INFO - Encoding columns: ['gender']
2026-01-23 07:34:56,480 - DEBUG - Frequency Encoding complete
2026-01-23 07:34:56,480 - INFO - After X_train (first 5 rows):
      gender
2142    2747
1623    2747
6074    2887
1362    2887
6754    2887
2026-01-23 07:34:56,480 - DEBUG - Binary Encoding started
2026-01-23 07:34:56,480 - INFO - Before X_train shape: (5634, 1)
2026-01-23 07:34:56,480 - INFO - Columns to be Binary Encoded: ['gender']
2026-01-23 07:34:56,488 - DEBUG - Binary Encoding complete
2026-01-23 07:34:56,488 - INFO - After X_train shape:       gender_0  gender_1
2142         0         1
1623         0         1
6074         1         0
1362         1         0
6754         1         0
2026-01-23 07:34:56,488 - INFO - Ordinal Encoding started
2026-01-23 07:34:56,488 - INFO - Ordinal Encoding complete. Shape: (5634, 1)
2026-01-23 07:34:56,492 - DEBUG - Label Encoding started
2026-01-23 07:34:56,492 - INFO - Before X_train shape: (5634, 1)
2026-01-23 07:34:56,492 - INFO - Encoding columns: ['Partner']
2026-01-23 07:34:56,492 - DEBUG - After Label Encoding
2026-01-23 07:34:56,492 - INFO - After X_train (first 5 rows):
      Partner
2142        0
1623        0
6074        1
1362        0
6754        0
2026-01-23 07:34:56,492 - DEBUG - One-Hot Encoding started
2026-01-23 07:34:56,492 - INFO - Before X_train shape: (5634, 1)
2026-01-23 07:34:56,492 - INFO - Encoding columns: ['Partner']
2026-01-23 07:34:56,495 - DEBUG - One-Hot Encoding complete
2026-01-23 07:34:56,495 - INFO - After X_train shape: (5634, 1)
2026-01-23 07:34:56,495 - DEBUG - Frequency Encoding started
2026-01-23 07:34:56,495 - INFO - Before X_train shape: (5634, 1)
2026-01-23 07:34:56,495 - INFO - Encoding columns: ['Partner']
2026-01-23 07:34:56,495 - DEBUG - Frequency Encoding complete
2026-01-23 07:34:56,495 - INFO - After X_train (first 5 rows):
      Partner
2142     2904
1623     2904
6074     2730
1362     2904
6754     2904
2026-01-23 07:34:56,495 - DEBUG - Binary Encoding started
2026-01-23 07:34:56,495 - INFO - Before X_train shape: (5634, 1)
2026-01-23 07:34:56,495 - INFO - Columns to be Binary Encoded: ['Partner']
2026-01-23 07:34:56,505 - DEBUG - Binary Encoding complete
2026-01-23 07:34:56,505 - INFO - After X_train shape:       Partner_0  Partner_1
2142          0          1
1623          0          1
6074          1          0
1362          0          1
6754          0          1
2026-01-23 07:34:56,505 - INFO - Ordinal Encoding started
2026-01-23 07:34:56,505 - INFO - Ordinal Encoding complete. Shape: (5634, 1)
2026-01-23 07:34:56,505 - DEBUG - Label Encoding started
2026-01-23 07:34:56,505 - INFO - Before X_train shape: (5634, 1)
2026-01-23 07:34:56,505 - INFO - Encoding columns: ['Dependents']
2026-01-23 07:34:56,505 - DEBUG - After Label Encoding
2026-01-23 07:34:56,505 - INFO - After X_train (first 5 rows):
      Dependents
2142           1
1623           0
6074           0
1362           0
6754           1
2026-01-23 07:34:56,505 - DEBUG - One-Hot Encoding started
2026-01-23 07:34:56,505 - INFO - Before X_train shape: (5634, 1)
2026-01-23 07:34:56,505 - INFO - Encoding columns: ['Dependents']
2026-01-23 07:34:56,505 - DEBUG - One-Hot Encoding complete
2026-01-23 07:34:56,505 - INFO - After X_train shape: (5634, 1)
2026-01-23 07:34:56,505 - DEBUG - Frequency Encoding started
2026-01-23 07:34:56,505 - INFO - Before X_train shape: (5634, 1)
2026-01-23 07:34:56,505 - INFO - Encoding columns: ['Dependents']
2026-01-23 07:34:56,505 - DEBUG - Frequency Encoding complete
2026-01-23 07:34:56,505 - INFO - After X_train (first 5 rows):
      Dependents
2142        1683
1623        3951
6074        3951
1362        3951
6754        1683
2026-01-23 07:34:56,505 - DEBUG - Binary Encoding started
2026-01-23 07:34:56,505 - INFO - Before X_train shape: (5634, 1)
2026-01-23 07:34:56,505 - INFO - Columns to be Binary Encoded: ['Dependents']
2026-01-23 07:34:56,519 - DEBUG - Binary Encoding complete
2026-01-23 07:34:56,521 - INFO - After X_train shape:       Dependents_0  Dependents_1
2142             0             1
1623             1             0
6074             1             0
1362             1             0
6754             0             1
2026-01-23 07:34:56,521 - INFO - Ordinal Encoding started
2026-01-23 07:34:56,521 - INFO - Ordinal Encoding complete. Shape: (5634, 1)
2026-01-23 07:34:56,521 - DEBUG - Label Encoding started
2026-01-23 07:34:56,521 - INFO - Before X_train shape: (5634, 1)
2026-01-23 07:34:56,521 - INFO - Encoding columns: ['PhoneService']
2026-01-23 07:34:56,521 - DEBUG - After Label Encoding
2026-01-23 07:34:56,521 - INFO - After X_train (first 5 rows):
      PhoneService
2142             1
1623             1
6074             0
1362             1
6754             1
2026-01-23 07:34:56,521 - DEBUG - One-Hot Encoding started
2026-01-23 07:34:56,521 - INFO - Before X_train shape: (5634, 1)
2026-01-23 07:34:56,521 - INFO - Encoding columns: ['PhoneService']
2026-01-23 07:34:56,521 - DEBUG - One-Hot Encoding complete
2026-01-23 07:34:56,521 - INFO - After X_train shape: (5634, 1)
2026-01-23 07:34:56,521 - DEBUG - Frequency Encoding started
2026-01-23 07:34:56,521 - INFO - Before X_train shape: (5634, 1)
2026-01-23 07:34:56,521 - INFO - Encoding columns: ['PhoneService']
2026-01-23 07:34:56,521 - DEBUG - Frequency Encoding complete
2026-01-23 07:34:56,521 - INFO - After X_train (first 5 rows):
      PhoneService
2142          5082
1623          5082
6074           552
1362          5082
6754          5082
2026-01-23 07:34:56,521 - DEBUG - Binary Encoding started
2026-01-23 07:34:56,521 - INFO - Before X_train shape: (5634, 1)
2026-01-23 07:34:56,521 - INFO - Columns to be Binary Encoded: ['PhoneService']
2026-01-23 07:34:56,538 - DEBUG - Binary Encoding complete
2026-01-23 07:34:56,538 - INFO - After X_train shape:       PhoneService_0  PhoneService_1
2142               0               1
1623               0               1
6074               1               0
1362               0               1
6754               0               1
2026-01-23 07:34:56,538 - INFO - Ordinal Encoding started
2026-01-23 07:34:56,538 - INFO - Ordinal Encoding complete. Shape: (5634, 1)
2026-01-23 07:34:56,541 - DEBUG - Label Encoding started
2026-01-23 07:34:56,541 - INFO - Before X_train shape: (5634, 1)
2026-01-23 07:34:56,541 - INFO - Encoding columns: ['MultipleLines']
2026-01-23 07:34:56,541 - DEBUG - After Label Encoding
2026-01-23 07:34:56,541 - INFO - After X_train (first 5 rows):
      MultipleLines
2142              0
1623              2
6074              1
1362              0
6754              2
2026-01-23 07:34:56,541 - DEBUG - One-Hot Encoding started
2026-01-23 07:34:56,541 - INFO - Before X_train shape: (5634, 1)
2026-01-23 07:34:56,541 - INFO - Encoding columns: ['MultipleLines']
2026-01-23 07:34:56,545 - DEBUG - One-Hot Encoding complete
2026-01-23 07:34:56,545 - INFO - After X_train shape: (5634, 2)
2026-01-23 07:34:56,545 - DEBUG - Frequency Encoding started
2026-01-23 07:34:56,545 - INFO - Before X_train shape: (5634, 1)
2026-01-23 07:34:56,545 - INFO - Encoding columns: ['MultipleLines']
2026-01-23 07:34:56,547 - DEBUG - Frequency Encoding complete
2026-01-23 07:34:56,547 - INFO - After X_train (first 5 rows):
      MultipleLines
2142           2685
1623           2397
6074            552
1362           2685
6754           2397
2026-01-23 07:34:56,547 - DEBUG - Binary Encoding started
2026-01-23 07:34:56,547 - INFO - Before X_train shape: (5634, 1)
2026-01-23 07:34:56,547 - INFO - Columns to be Binary Encoded: ['MultipleLines']
2026-01-23 07:34:56,553 - DEBUG - Binary Encoding complete
2026-01-23 07:34:56,553 - INFO - After X_train shape:       MultipleLines_0  MultipleLines_1
2142                0                1
1623                1                0
6074                1                1
1362                0                1
6754                1                0
2026-01-23 07:34:56,553 - INFO - Ordinal Encoding started
2026-01-23 07:34:56,553 - INFO - Ordinal Encoding complete. Shape: (5634, 1)
2026-01-23 07:34:56,553 - DEBUG - Label Encoding started
2026-01-23 07:34:56,553 - INFO - Before X_train shape: (5634, 1)
2026-01-23 07:34:56,559 - INFO - Encoding columns: ['InternetService']
2026-01-23 07:34:56,559 - DEBUG - After Label Encoding
2026-01-23 07:34:56,559 - INFO - After X_train (first 5 rows):
      InternetService
2142                0
1623                1
6074                0
1362                1
6754                0
2026-01-23 07:34:56,559 - DEBUG - One-Hot Encoding started
2026-01-23 07:34:56,559 - INFO - Before X_train shape: (5634, 1)
2026-01-23 07:34:56,559 - INFO - Encoding columns: ['InternetService']
2026-01-23 07:34:56,563 - DEBUG - One-Hot Encoding complete
2026-01-23 07:34:56,563 - INFO - After X_train shape: (5634, 2)
2026-01-23 07:34:56,563 - DEBUG - Frequency Encoding started
2026-01-23 07:34:56,563 - INFO - Before X_train shape: (5634, 1)
2026-01-23 07:34:56,563 - INFO - Encoding columns: ['InternetService']
2026-01-23 07:34:56,565 - DEBUG - Frequency Encoding complete
2026-01-23 07:34:56,565 - INFO - After X_train (first 5 rows):
      InternetService
2142             1939
1623             2481
6074             1939
1362             2481
6754             1939
2026-01-23 07:34:56,567 - DEBUG - Binary Encoding started
2026-01-23 07:34:56,567 - INFO - Before X_train shape: (5634, 1)
2026-01-23 07:34:56,567 - INFO - Columns to be Binary Encoded: ['InternetService']
2026-01-23 07:34:56,573 - DEBUG - Binary Encoding complete
2026-01-23 07:34:56,573 - INFO - After X_train shape:       InternetService_0  InternetService_1
2142                  0                  1
1623                  1                  0
6074                  0                  1
1362                  1                  0
6754                  0                  1
2026-01-23 07:34:56,573 - INFO - Ordinal Encoding started
2026-01-23 07:34:56,576 - INFO - Ordinal Encoding complete. Shape: (5634, 1)
2026-01-23 07:34:56,576 - DEBUG - Label Encoding started
2026-01-23 07:34:56,576 - INFO - Before X_train shape: (5634, 1)
2026-01-23 07:34:56,576 - INFO - Encoding columns: ['OnlineSecurity']
2026-01-23 07:34:56,578 - DEBUG - After Label Encoding
2026-01-23 07:34:56,578 - INFO - After X_train (first 5 rows):
      OnlineSecurity
2142               2
1623               0
6074               0
1362               0
6754               2
2026-01-23 07:34:56,578 - DEBUG - One-Hot Encoding started
2026-01-23 07:34:56,578 - INFO - Before X_train shape: (5634, 1)
2026-01-23 07:34:56,578 - INFO - Encoding columns: ['OnlineSecurity']
2026-01-23 07:34:56,581 - DEBUG - One-Hot Encoding complete
2026-01-23 07:34:56,581 - INFO - After X_train shape: (5634, 2)
2026-01-23 07:34:56,581 - DEBUG - Frequency Encoding started
2026-01-23 07:34:56,581 - INFO - Before X_train shape: (5634, 1)
2026-01-23 07:34:56,582 - INFO - Encoding columns: ['OnlineSecurity']
2026-01-23 07:34:56,582 - DEBUG - Frequency Encoding complete
2026-01-23 07:34:56,584 - INFO - After X_train (first 5 rows):
      OnlineSecurity
2142            1610
1623            2810
6074            2810
1362            2810
6754            1610
2026-01-23 07:34:56,586 - DEBUG - Binary Encoding started
2026-01-23 07:34:56,586 - INFO - Before X_train shape: (5634, 1)
2026-01-23 07:34:56,586 - INFO - Columns to be Binary Encoded: ['OnlineSecurity']
2026-01-23 07:34:56,595 - DEBUG - Binary Encoding complete
2026-01-23 07:34:56,595 - INFO - After X_train shape:       OnlineSecurity_0  OnlineSecurity_1
2142                 0                 1
1623                 1                 0
6074                 1                 0
1362                 1                 0
6754                 0                 1
2026-01-23 07:34:56,595 - INFO - Ordinal Encoding started
2026-01-23 07:34:56,595 - INFO - Ordinal Encoding complete. Shape: (5634, 1)
2026-01-23 07:34:56,597 - DEBUG - Label Encoding started
2026-01-23 07:34:56,597 - INFO - Before X_train shape: (5634, 1)
2026-01-23 07:34:56,597 - INFO - Encoding columns: ['OnlineBackup']
2026-01-23 07:34:56,598 - DEBUG - After Label Encoding
2026-01-23 07:34:56,598 - INFO - After X_train (first 5 rows):
      OnlineBackup
2142             0
1623             2
6074             0
1362             0
6754             2
2026-01-23 07:34:56,598 - DEBUG - One-Hot Encoding started
2026-01-23 07:34:56,598 - INFO - Before X_train shape: (5634, 1)
2026-01-23 07:34:56,598 - INFO - Encoding columns: ['OnlineBackup']
2026-01-23 07:34:56,602 - DEBUG - One-Hot Encoding complete
2026-01-23 07:34:56,602 - INFO - After X_train shape: (5634, 2)
2026-01-23 07:34:56,602 - DEBUG - Frequency Encoding started
2026-01-23 07:34:56,602 - INFO - Before X_train shape: (5634, 1)
2026-01-23 07:34:56,602 - INFO - Encoding columns: ['OnlineBackup']
2026-01-23 07:34:56,604 - DEBUG - Frequency Encoding complete
2026-01-23 07:34:56,604 - INFO - After X_train (first 5 rows):
      OnlineBackup
2142          2448
1623          1972
6074          2448
1362          2448
6754          1972
2026-01-23 07:34:56,604 - DEBUG - Binary Encoding started
2026-01-23 07:34:56,604 - INFO - Before X_train shape: (5634, 1)
2026-01-23 07:34:56,604 - INFO - Columns to be Binary Encoded: ['OnlineBackup']
2026-01-23 07:34:56,604 - DEBUG - Binary Encoding complete
2026-01-23 07:34:56,604 - INFO - After X_train shape:       OnlineBackup_0  OnlineBackup_1
2142               0               1
1623               1               0
6074               0               1
1362               0               1
6754               1               0
2026-01-23 07:34:56,604 - INFO - Ordinal Encoding started
2026-01-23 07:34:56,604 - INFO - Ordinal Encoding complete. Shape: (5634, 1)
2026-01-23 07:34:56,614 - DEBUG - Label Encoding started
2026-01-23 07:34:56,614 - INFO - Before X_train shape: (5634, 1)
2026-01-23 07:34:56,614 - INFO - Encoding columns: ['DeviceProtection']
2026-01-23 07:34:56,614 - DEBUG - After Label Encoding
2026-01-23 07:34:56,614 - INFO - After X_train (first 5 rows):
      DeviceProtection
2142                 2
1623                 0
6074                 0
1362                 0
6754                 0
2026-01-23 07:34:56,614 - DEBUG - One-Hot Encoding started
2026-01-23 07:34:56,614 - INFO - Before X_train shape: (5634, 1)
2026-01-23 07:34:56,614 - INFO - Encoding columns: ['DeviceProtection']
2026-01-23 07:34:56,622 - DEBUG - One-Hot Encoding complete
2026-01-23 07:34:56,622 - INFO - After X_train shape: (5634, 2)
2026-01-23 07:34:56,622 - DEBUG - Frequency Encoding started
2026-01-23 07:34:56,622 - INFO - Before X_train shape: (5634, 1)
2026-01-23 07:34:56,622 - INFO - Encoding columns: ['DeviceProtection']
2026-01-23 07:34:56,624 - DEBUG - Frequency Encoding complete
2026-01-23 07:34:56,624 - INFO - After X_train (first 5 rows):
      DeviceProtection
2142              1931
1623              2489
6074              2489
1362              2489
6754              2489
2026-01-23 07:34:56,624 - DEBUG - Binary Encoding started
2026-01-23 07:34:56,624 - INFO - Before X_train shape: (5634, 1)
2026-01-23 07:34:56,624 - INFO - Columns to be Binary Encoded: ['DeviceProtection']
2026-01-23 07:34:56,634 - DEBUG - Binary Encoding complete
2026-01-23 07:34:56,636 - INFO - After X_train shape:       DeviceProtection_0  DeviceProtection_1
2142                   0                   1
1623                   1                   0
6074                   1                   0
1362                   1                   0
6754                   1                   0
2026-01-23 07:34:56,636 - INFO - Ordinal Encoding started
2026-01-23 07:34:56,636 - INFO - Ordinal Encoding complete. Shape: (5634, 1)
2026-01-23 07:34:56,636 - DEBUG - Label Encoding started
2026-01-23 07:34:56,636 - INFO - Before X_train shape: (5634, 1)
2026-01-23 07:34:56,636 - INFO - Encoding columns: ['TechSupport']
2026-01-23 07:34:56,636 - DEBUG - After Label Encoding
2026-01-23 07:34:56,636 - INFO - After X_train (first 5 rows):
      TechSupport
2142            0
1623            0
6074            0
1362            0
6754            2
2026-01-23 07:34:56,636 - DEBUG - One-Hot Encoding started
2026-01-23 07:34:56,636 - INFO - Before X_train shape: (5634, 1)
2026-01-23 07:34:56,636 - INFO - Encoding columns: ['TechSupport']
2026-01-23 07:34:56,646 - DEBUG - One-Hot Encoding complete
2026-01-23 07:34:56,646 - INFO - After X_train shape: (5634, 2)
2026-01-23 07:34:56,646 - DEBUG - Frequency Encoding started
2026-01-23 07:34:56,646 - INFO - Before X_train shape: (5634, 1)
2026-01-23 07:34:56,646 - INFO - Encoding columns: ['TechSupport']
2026-01-23 07:34:56,646 - DEBUG - Frequency Encoding complete
2026-01-23 07:34:56,646 - INFO - After X_train (first 5 rows):
      TechSupport
2142         2791
1623         2791
6074         2791
1362         2791
6754         1629
2026-01-23 07:34:56,646 - DEBUG - Binary Encoding started
2026-01-23 07:34:56,646 - INFO - Before X_train shape: (5634, 1)
2026-01-23 07:34:56,646 - INFO - Columns to be Binary Encoded: ['TechSupport']
2026-01-23 07:34:56,646 - DEBUG - Binary Encoding complete
2026-01-23 07:34:56,646 - INFO - After X_train shape:       TechSupport_0  TechSupport_1
2142              0              1
1623              0              1
6074              0              1
1362              0              1
6754              1              0
2026-01-23 07:34:56,646 - INFO - Ordinal Encoding started
2026-01-23 07:34:56,646 - INFO - Ordinal Encoding complete. Shape: (5634, 1)
2026-01-23 07:34:56,646 - DEBUG - Label Encoding started
2026-01-23 07:34:56,662 - INFO - Before X_train shape: (5634, 1)
2026-01-23 07:34:56,662 - INFO - Encoding columns: ['StreamingTV']
2026-01-23 07:34:56,662 - DEBUG - After Label Encoding
2026-01-23 07:34:56,662 - INFO - After X_train (first 5 rows):
      StreamingTV
2142            0
1623            2
6074            0
1362            0
6754            0
2026-01-23 07:34:56,662 - DEBUG - One-Hot Encoding started
2026-01-23 07:34:56,667 - INFO - Before X_train shape: (5634, 1)
2026-01-23 07:34:56,667 - INFO - Encoding columns: ['StreamingTV']
2026-01-23 07:34:56,667 - DEBUG - One-Hot Encoding complete
2026-01-23 07:34:56,667 - INFO - After X_train shape: (5634, 2)
2026-01-23 07:34:56,667 - DEBUG - Frequency Encoding started
2026-01-23 07:34:56,667 - INFO - Before X_train shape: (5634, 1)
2026-01-23 07:34:56,667 - INFO - Encoding columns: ['StreamingTV']
2026-01-23 07:34:56,667 - DEBUG - Frequency Encoding complete
2026-01-23 07:34:56,667 - INFO - After X_train (first 5 rows):
      StreamingTV
2142         2239
1623         2181
6074         2239
1362         2239
6754         2239
2026-01-23 07:34:56,667 - DEBUG - Binary Encoding started
2026-01-23 07:34:56,667 - INFO - Before X_train shape: (5634, 1)
2026-01-23 07:34:56,667 - INFO - Columns to be Binary Encoded: ['StreamingTV']
2026-01-23 07:34:56,678 - DEBUG - Binary Encoding complete
2026-01-23 07:34:56,678 - INFO - After X_train shape:       StreamingTV_0  StreamingTV_1
2142              0              1
1623              1              0
6074              0              1
1362              0              1
6754              0              1
2026-01-23 07:34:56,678 - INFO - Ordinal Encoding started
2026-01-23 07:34:56,678 - INFO - Ordinal Encoding complete. Shape: (5634, 1)
2026-01-23 07:34:56,678 - DEBUG - Label Encoding started
2026-01-23 07:34:56,678 - INFO - Before X_train shape: (5634, 1)
2026-01-23 07:34:56,678 - INFO - Encoding columns: ['StreamingMovies']
2026-01-23 07:34:56,678 - DEBUG - After Label Encoding
2026-01-23 07:34:56,678 - INFO - After X_train (first 5 rows):
      StreamingMovies
2142                2
1623                2
6074                0
1362                0
6754                0
2026-01-23 07:34:56,678 - DEBUG - One-Hot Encoding started
2026-01-23 07:34:56,678 - INFO - Before X_train shape: (5634, 1)
2026-01-23 07:34:56,678 - INFO - Encoding columns: ['StreamingMovies']
2026-01-23 07:34:56,678 - DEBUG - One-Hot Encoding complete
2026-01-23 07:34:56,678 - INFO - After X_train shape: (5634, 2)
2026-01-23 07:34:56,678 - DEBUG - Frequency Encoding started
2026-01-23 07:34:56,678 - INFO - Before X_train shape: (5634, 1)
2026-01-23 07:34:56,678 - INFO - Encoding columns: ['StreamingMovies']
2026-01-23 07:34:56,678 - DEBUG - Frequency Encoding complete
2026-01-23 07:34:56,678 - INFO - After X_train (first 5 rows):
      StreamingMovies
2142             2197
1623             2197
6074             2223
1362             2223
6754             2223
2026-01-23 07:34:56,678 - DEBUG - Binary Encoding started
2026-01-23 07:34:56,678 - INFO - Before X_train shape: (5634, 1)
2026-01-23 07:34:56,678 - INFO - Columns to be Binary Encoded: ['StreamingMovies']
2026-01-23 07:34:56,698 - DEBUG - Binary Encoding complete
2026-01-23 07:34:56,698 - INFO - After X_train shape:       StreamingMovies_0  StreamingMovies_1
2142                  0                  1
1623                  0                  1
6074                  1                  0
1362                  1                  0
6754                  1                  0
2026-01-23 07:34:56,698 - INFO - Ordinal Encoding started
2026-01-23 07:34:56,698 - INFO - Ordinal Encoding complete. Shape: (5634, 1)
2026-01-23 07:34:56,698 - DEBUG - Label Encoding started
2026-01-23 07:34:56,698 - INFO - Before X_train shape: (5634, 1)
2026-01-23 07:34:56,698 - INFO - Encoding columns: ['Contract']
2026-01-23 07:34:56,698 - DEBUG - After Label Encoding
2026-01-23 07:34:56,698 - INFO - After X_train (first 5 rows):
      Contract
2142         1
1623         2
6074         0
1362         0
6754         2
2026-01-23 07:34:56,709 - DEBUG - One-Hot Encoding started
2026-01-23 07:34:56,709 - INFO - Before X_train shape: (5634, 1)
2026-01-23 07:34:56,709 - INFO - Encoding columns: ['Contract']
2026-01-23 07:34:56,711 - DEBUG - One-Hot Encoding complete
2026-01-23 07:34:56,711 - INFO - After X_train shape: (5634, 2)
2026-01-23 07:34:56,714 - DEBUG - Frequency Encoding started
2026-01-23 07:34:56,714 - INFO - Before X_train shape: (5634, 1)
2026-01-23 07:34:56,714 - INFO - Encoding columns: ['Contract']
2026-01-23 07:34:56,714 - DEBUG - Frequency Encoding complete
2026-01-23 07:34:56,714 - INFO - After X_train (first 5 rows):
      Contract
2142      1212
1623      1339
6074      3083
1362      3083
6754      1339
2026-01-23 07:34:56,714 - DEBUG - Binary Encoding started
2026-01-23 07:34:56,714 - INFO - Before X_train shape: (5634, 1)
2026-01-23 07:34:56,714 - INFO - Columns to be Binary Encoded: ['Contract']
2026-01-23 07:34:56,714 - DEBUG - Binary Encoding complete
2026-01-23 07:34:56,726 - INFO - After X_train shape:       Contract_0  Contract_1
2142           0           1
1623           1           0
6074           1           1
1362           1           1
6754           1           0
2026-01-23 07:34:56,726 - INFO - Ordinal Encoding started
2026-01-23 07:34:56,726 - INFO - Ordinal Encoding complete. Shape: (5634, 1)
2026-01-23 07:34:56,726 - DEBUG - Label Encoding started
2026-01-23 07:34:56,726 - INFO - Before X_train shape: (5634, 1)
2026-01-23 07:34:56,726 - INFO - Encoding columns: ['PaperlessBilling']
2026-01-23 07:34:56,726 - DEBUG - After Label Encoding
2026-01-23 07:34:56,726 - INFO - After X_train (first 5 rows):
      PaperlessBilling
2142                 0
1623                 1
6074                 1
1362                 1
6754                 1
2026-01-23 07:34:56,726 - DEBUG - One-Hot Encoding started
2026-01-23 07:34:56,726 - INFO - Before X_train shape: (5634, 1)
2026-01-23 07:34:56,726 - INFO - Encoding columns: ['PaperlessBilling']
2026-01-23 07:34:56,726 - DEBUG - One-Hot Encoding complete
2026-01-23 07:34:56,726 - INFO - After X_train shape: (5634, 1)
2026-01-23 07:34:56,726 - DEBUG - Frequency Encoding started
2026-01-23 07:34:56,726 - INFO - Before X_train shape: (5634, 1)
2026-01-23 07:34:56,726 - INFO - Encoding columns: ['PaperlessBilling']
2026-01-23 07:34:56,726 - DEBUG - Frequency Encoding complete
2026-01-23 07:34:56,726 - INFO - After X_train (first 5 rows):
      PaperlessBilling
2142              2309
1623              3325
6074              3325
1362              3325
6754              3325
2026-01-23 07:34:56,726 - DEBUG - Binary Encoding started
2026-01-23 07:34:56,726 - INFO - Before X_train shape: (5634, 1)
2026-01-23 07:34:56,726 - INFO - Columns to be Binary Encoded: ['PaperlessBilling']
2026-01-23 07:34:56,746 - DEBUG - Binary Encoding complete
2026-01-23 07:34:56,746 - INFO - After X_train shape:       PaperlessBilling_0  PaperlessBilling_1
2142                   0                   1
1623                   1                   0
6074                   1                   0
1362                   1                   0
6754                   1                   0
2026-01-23 07:34:56,746 - INFO - Ordinal Encoding started
2026-01-23 07:34:56,746 - INFO - Ordinal Encoding complete. Shape: (5634, 1)
2026-01-23 07:34:56,746 - DEBUG - Label Encoding started
2026-01-23 07:34:56,746 - INFO - Before X_train shape: (5634, 1)
2026-01-23 07:34:56,746 - INFO - Encoding columns: ['PaymentMethod']
2026-01-23 07:34:56,746 - DEBUG - After Label Encoding
2026-01-23 07:34:56,746 - INFO - After X_train (first 5 rows):
      PaymentMethod
2142              3
1623              0
6074              2
1362              2
6754              0
2026-01-23 07:34:56,746 - DEBUG - One-Hot Encoding started
2026-01-23 07:34:56,746 - INFO - Before X_train shape: (5634, 1)
2026-01-23 07:34:56,746 - INFO - Encoding columns: ['PaymentMethod']
2026-01-23 07:34:56,757 - DEBUG - One-Hot Encoding complete
2026-01-23 07:34:56,757 - INFO - After X_train shape: (5634, 3)
2026-01-23 07:34:56,757 - DEBUG - Frequency Encoding started
2026-01-23 07:34:56,757 - INFO - Before X_train shape: (5634, 1)
2026-01-23 07:34:56,757 - INFO - Encoding columns: ['PaymentMethod']
2026-01-23 07:34:56,757 - DEBUG - Frequency Encoding complete
2026-01-23 07:34:56,757 - INFO - After X_train (first 5 rows):
      PaymentMethod
2142           1282
1623           1238
6074           1887
1362           1887
6754           1238
2026-01-23 07:34:56,757 - DEBUG - Binary Encoding started
2026-01-23 07:34:56,757 - INFO - Before X_train shape: (5634, 1)
2026-01-23 07:34:56,757 - INFO - Columns to be Binary Encoded: ['PaymentMethod']
2026-01-23 07:34:56,757 - DEBUG - Binary Encoding complete
2026-01-23 07:34:56,757 - INFO - After X_train shape:       PaymentMethod_0  PaymentMethod_1  PaymentMethod_2
2142                0                0                1
1623                0                1                0
6074                0                1                1
1362                0                1                1
6754                0                1                0
2026-01-23 07:34:56,757 - INFO - Ordinal Encoding started
2026-01-23 07:34:56,757 - INFO - Ordinal Encoding complete. Shape: (5634, 1)
